	/moto-cm/SBG901-2.12.1.0-GA-01-666-NOSH-NNDMN.p7 þ-----BEGIN CERTIFICATE-----
MIIDoTCCAomgAwIBAgIQaELLcqx13b7PF6RV95oZ4TANBgkqhkiG9w0BAQUFADCB
lzELMAkGA1UEBhMCVVMxOTA3BgNVBAoTMERhdGEgT3ZlciBDYWJsZSBTZXJ2aWNl
IEludGVyZmFjZSBTcGVjaWZpY2F0aW9uczEVMBMGA1UECxMMQ2FibGUgTW9kZW1z
MTYwNAYDVQQDEy1ET0NTSVMgQ2F þibGUgTW9kZW0gUm9vdCBDZXJ0aWZpY2F0ZSBB
dXRob3JpdHkwHhcNMDEwNzExMDAwMDAwWhcNMjEwMzAyMjM1OTU5WjBlMQswCQYD
VQQGEwJVUzEdMBsGA1UEChMUTW90b3JvbGEgQ29ycG9yYXRpb24xDzANBgNVBAsT
BkRPQ1NJUzEmMCQGA1UEAxMdQ29kZSBWZXJpZmljYXRpb24gQ2VydGlmaWNhdGUw
ggEiMA0GCSqGSIb3D þQEBAQUAA4IBDwAwggEKAoIBAQCmN/DTrHTUyqWqkABCxJrA
sIOH0/f7koEhszThWUpZr3PpSsgSpfWdYE72JNVt2gFBFEOpD/VI6Z7iMr1mU04M
ZYmdBjr12719m6k2GwrSFJa6Xm15NJdpUNp9xomRjIGf9Zd6WiQB0/IP6+J0nKwp
ZaT71cBRE8TS226OxFgHkG8b8xrMpP2NjukT3ie//Zvq0ifcL/TviYaKs7c1fz8Z
XaYqd5g þ57T3O3yGDcMLBEH9g1ZrTSUpRblY4B9E7XfkiUigxOkxT8P4bmYsBxKXu
FxUO9y0obPceWg/mgwpb4IL+d0/AUbgxQtNSeFRBThLVplV/uDjc0D+0ChBobU5J
AgMBAAGjGjAYMBYGA1UdJQEB/wQMMAoGCCsGAQUFBwMDMA0GCSqGSIb3DQEBBQUA
A4IBAQBE1TuRDjI9ntiSF/cwwfD4xQCZCH4HYqdMfb0rs5PPqyhVxm+7r60OMaY þy
qFJsXDWbfmbM2nEnzEKSMFTLxLEG9TMTfRaB7PanThN6K1lAoZg9AYqk7QWSn6xv
V+HBle8hSmFsoCkA6qqI1/Lkmn2VQWLoZ6m46ExYkElEzeI2C4VC5n3UEs/hcfyI
HpKuSteWTQSrxc/3PCSPwUOZ/+vAAojqdzqMP2Bo18+W50tmkNBSULr509+8fCdm
cYoEoHs1AxHueU1RJWWHkju1A8L9AQv/RxDh3DwscIpAkA3wwWQ9B FlSIA4gzItPV
y6JayQtGRP2hElP/MyAfNnAFLaxO
-----END CERTIFICATE-----
